<?xml version="1.0" encoding="UTF-8"?>
<testng-results ignored="0" total="2" passed="2" failed="0" skipped="0">
  <reporter-output>
  </reporter-output>
  <suite started-at="2023-09-19T16:07:39 IST" name="Default Suite" finished-at="2023-09-19T16:08:07 IST" duration-ms="27448">
    <groups>
    </groups>
    <test started-at="2023-09-19T16:07:39 IST" name="Playwright_Project" finished-at="2023-09-19T16:08:07 IST" duration-ms="27448">
      <class name="Runner.ItBusiness_SignUp">
        <test-method is-config="true" signature="setUp()[pri:0, instance:Runner.ItBusiness_SignUp@657c8ad9]" started-at="2023-09-19T16:07:39 IST" name="setUp" finished-at="2023-09-19T16:07:51 IST" duration-ms="11851" status="PASS">
          <reporter-output>
          </reporter-output>
        </test-method> <!-- setUp -->
        <test-method signature="fillDetails(java.lang.String,java.lang.String,java.lang.String,java.lang.String)[pri:0, instance:Runner.ItBusiness_SignUp@657c8ad9]" started-at="2023-09-19T16:07:51 IST" name="fillDetails" data-provider="RegisterData" finished-at="2023-09-19T16:08:00 IST" duration-ms="8621" status="PASS">
          <params>
            <param index="0">
              <value>
                <![CDATA[tony]]>
              </value>
            </param>
            <param index="1">
              <value>
                <![CDATA[stark]]>
              </value>
            </param>
            <param index="2">
              <value>
                <![CDATA[stark@gmail.com]]>
              </value>
            </param>
            <param index="3">
              <value>
                <![CDATA[password]]>
              </value>
            </param>
          </params>
          <reporter-output>
          </reporter-output>
        </test-method> <!-- fillDetails -->
        <test-method signature="fillDetails(java.lang.String,java.lang.String,java.lang.String,java.lang.String)[pri:0, instance:Runner.ItBusiness_SignUp@657c8ad9]" started-at="2023-09-19T16:08:00 IST" name="fillDetails" data-provider="RegisterData" finished-at="2023-09-19T16:08:06 IST" duration-ms="6618" status="PASS">
          <params>
            <param index="0">
              <value>
                <![CDATA[steve]]>
              </value>
            </param>
            <param index="1">
              <value>
                <![CDATA[rogers]]>
              </value>
            </param>
            <param index="2">
              <value>
                <![CDATA[rogers@gmail.com]]>
              </value>
            </param>
            <param index="3">
              <value>
                <![CDATA[password]]>
              </value>
            </param>
          </params>
          <reporter-output>
          </reporter-output>
        </test-method> <!-- fillDetails -->
        <test-method is-config="true" signature="tearDown()[pri:0, instance:Runner.ItBusiness_SignUp@657c8ad9]" started-at="2023-09-19T16:08:06 IST" name="tearDown" finished-at="2023-09-19T16:08:07 IST" duration-ms="244" status="PASS">
          <reporter-output>
          </reporter-output>
        </test-method> <!-- tearDown -->
      </class> <!-- Runner.ItBusiness_SignUp -->
    </test> <!-- Playwright_Project -->
  </suite> <!-- Default Suite -->
</testng-results>
